<<<<<<< HEAD
2024-06-17 20:28:20,540 - environment.app - ERROR - An error occurred: 404 Not Found: The requested URL was not found on the server. If you entered the URL manually please check your spelling and try again.
2024-06-17 20:28:20,540 - environment.app - ERROR - Error type: NotFound
2024-06-17 20:28:20,775 - environment.app - ERROR - An error occurred: 404 Not Found: The requested URL was not found on the server. If you entered the URL manually please check your spelling and try again.
2024-06-17 20:28:20,775 - environment.app - ERROR - Error type: NotFound
2024-06-17 20:28:21,015 - environment.app - ERROR - An error occurred: 404 Not Found: The requested URL was not found on the server. If you entered the URL manually please check your spelling and try again.
2024-06-17 20:28:21,015 - environment.app - ERROR - Error type: NotFound
2024-06-17 20:28:21,250 - environment.app - ERROR - An error occurred: 404 Not Found: The requested URL was not found on the server. If you entered the URL manually please check your spelling and try again.
2024-06-17 20:28:21,250 - environment.app - ERROR - Error type: NotFound
2024-06-17 20:28:53,535 - environment.app - ERROR - An error occurred: 404 Not Found: The requested URL was not found on the server. If you entered the URL manually please check your spelling and try again.
2024-06-17 20:28:53,535 - environment.app - ERROR - Error type: NotFound
2024-06-17 20:28:53,770 - environment.app - ERROR - An error occurred: 404 Not Found: The requested URL was not found on the server. If you entered the URL manually please check your spelling and try again.
2024-06-17 20:28:53,770 - environment.app - ERROR - Error type: NotFound
2024-06-17 20:28:54,004 - environment.app - ERROR - An error occurred: 404 Not Found: The requested URL was not found on the server. If you entered the URL manually please check your spelling and try again.
2024-06-17 20:28:54,004 - environment.app - ERROR - Error type: NotFound
2024-06-17 20:28:54,242 - environment.app - ERROR - An error occurred: 404 Not Found: The requested URL was not found on the server. If you entered the URL manually please check your spelling and try again.
2024-06-17 20:28:54,242 - environment.app - ERROR - Error type: NotFound
2024-06-17 20:30:47,438 - environment.app - ERROR - An error occurred: 404 Not Found: The requested URL was not found on the server. If you entered the URL manually please check your spelling and try again.
2024-06-17 20:30:47,439 - environment.app - ERROR - Error type: NotFound
2024-06-17 20:30:47,675 - environment.app - ERROR - An error occurred: 404 Not Found: The requested URL was not found on the server. If you entered the URL manually please check your spelling and try again.
2024-06-17 20:30:47,675 - environment.app - ERROR - Error type: NotFound
2024-06-17 20:30:47,913 - environment.app - ERROR - An error occurred: 404 Not Found: The requested URL was not found on the server. If you entered the URL manually please check your spelling and try again.
2024-06-17 20:30:47,913 - environment.app - ERROR - Error type: NotFound
2024-06-17 20:30:48,150 - environment.app - ERROR - An error occurred: 404 Not Found: The requested URL was not found on the server. If you entered the URL manually please check your spelling and try again.
2024-06-17 20:30:48,150 - environment.app - ERROR - Error type: NotFound
2024-06-17 20:32:16,720 - environment.app - ERROR - An error occurred: 404 Not Found: The requested URL was not found on the server. If you entered the URL manually please check your spelling and try again.
2024-06-17 20:32:16,720 - environment.app - ERROR - Error type: NotFound
2024-06-17 20:32:16,955 - environment.app - ERROR - An error occurred: 404 Not Found: The requested URL was not found on the server. If you entered the URL manually please check your spelling and try again.
2024-06-17 20:32:16,955 - environment.app - ERROR - Error type: NotFound
2024-06-17 20:32:17,189 - environment.app - ERROR - An error occurred: 404 Not Found: The requested URL was not found on the server. If you entered the URL manually please check your spelling and try again.
2024-06-17 20:32:17,189 - environment.app - ERROR - Error type: NotFound
2024-06-17 20:32:17,425 - environment.app - ERROR - An error occurred: 404 Not Found: The requested URL was not found on the server. If you entered the URL manually please check your spelling and try again.
2024-06-17 20:32:17,425 - environment.app - ERROR - Error type: NotFound
=======
2024-06-17 18:54:57,829 - environment.app - ERROR - An error occurred: 'tuple' object has no attribute 'get'
2024-06-17 18:54:57,831 - environment.app - ERROR - Error type: AttributeError
2024-06-17 18:54:58,182 - environment.app - ERROR - An error occurred: 'tuple' object has no attribute 'get'
2024-06-17 18:54:58,184 - environment.app - ERROR - Error type: AttributeError
2024-06-17 18:54:59,223 - environment.app - ERROR - An error occurred: 'tuple' object has no attribute 'get'
2024-06-17 18:54:59,224 - environment.app - ERROR - Error type: AttributeError
2024-06-17 18:54:59,744 - environment.app - ERROR - An error occurred: 415 Unsupported Media Type: Did not attempt to load JSON data because the request Content-Type was not 'application/json'.
2024-06-17 18:54:59,745 - environment.app - ERROR - Error type: UnsupportedMediaType
2024-06-17 19:21:33,560 - environment.app - ERROR - An error occurred: 'tuple' object has no attribute 'get'
2024-06-17 19:21:33,561 - environment.app - ERROR - Error type: AttributeError
2024-06-17 19:21:33,566 - environment.app - ERROR - An error occurred: 'tuple' object has no attribute 'get'
2024-06-17 19:21:33,566 - environment.app - ERROR - Error type: AttributeError
2024-06-17 19:21:33,576 - environment.app - ERROR - An error occurred: 'tuple' object has no attribute 'get'
2024-06-17 19:21:33,577 - environment.app - ERROR - Error type: AttributeError
2024-06-17 19:21:33,581 - environment.app - ERROR - An error occurred: 415 Unsupported Media Type: Did not attempt to load JSON data because the request Content-Type was not 'application/json'.
2024-06-17 19:21:33,582 - environment.app - ERROR - Error type: UnsupportedMediaType
2024-06-17 19:22:49,340 - environment.app - ERROR - An error occurred: 'tuple' object has no attribute 'get'
2024-06-17 19:22:49,341 - environment.app - ERROR - Error type: AttributeError
2024-06-17 19:22:49,352 - environment.app - ERROR - An error occurred: 415 Unsupported Media Type: Did not attempt to load JSON data because the request Content-Type was not 'application/json'.
2024-06-17 19:22:49,352 - environment.app - ERROR - Error type: UnsupportedMediaType
2024-06-17 19:42:43,916 - environment.app - ERROR - An error occurred: 'tuple' object has no attribute 'get'
2024-06-17 19:42:43,917 - environment.app - ERROR - Error type: AttributeError
2024-06-17 19:42:44,274 - environment.app - ERROR - An error occurred: 'tuple' object has no attribute 'get'
2024-06-17 19:42:44,275 - environment.app - ERROR - Error type: AttributeError
2024-06-17 19:42:45,097 - environment.app - ERROR - An error occurred: 'tuple' object has no attribute 'get'
2024-06-17 19:42:45,098 - environment.app - ERROR - Error type: AttributeError
2024-06-17 19:42:45,583 - environment.app - ERROR - An error occurred: 415 Unsupported Media Type: Did not attempt to load JSON data because the request Content-Type was not 'application/json'.
2024-06-17 19:42:45,585 - environment.app - ERROR - Error type: UnsupportedMediaType
2024-06-17 19:52:59,797 - environment.app - ERROR - An error occurred: 415 Unsupported Media Type: Did not attempt to load JSON data because the request Content-Type was not 'application/json'.
2024-06-17 19:52:59,799 - environment.app - ERROR - Error type: UnsupportedMediaType
2024-06-17 19:54:21,557 - environment.app - ERROR - An error occurred: 'tuple' object has no attribute 'get'
2024-06-17 19:54:21,557 - environment.app - ERROR - Error type: AttributeError
2024-06-17 19:54:22,367 - environment.app - ERROR - An error occurred: 'tuple' object has no attribute 'get'
2024-06-17 19:54:22,368 - environment.app - ERROR - Error type: AttributeError
2024-06-17 20:01:50,259 - environment.app - ERROR - An error occurred: 'tuple' object has no attribute 'get'
2024-06-17 20:01:50,261 - environment.app - ERROR - Error type: AttributeError
2024-06-17 20:08:25,615 - environment.app - ERROR - An error occurred: 'tuple' object has no attribute 'get'
2024-06-17 20:08:25,615 - environment.app - ERROR - Error type: AttributeError
2024-06-17 20:08:26,443 - environment.app - ERROR - An error occurred: 'tuple' object has no attribute 'get'
2024-06-17 20:08:26,443 - environment.app - ERROR - Error type: AttributeError
>>>>>>> ccb6dd7896eef987e31fdbfe22a762c9f87e7d83
2024-06-17 20:51:19,973 - environment.app - ERROR - An error occurred: 'tuple' object has no attribute 'get'
2024-06-17 20:51:19,973 - environment.app - ERROR - Error type: AttributeError
2024-06-17 20:51:20,208 - environment.app - ERROR - An error occurred: 'tuple' object has no attribute 'get'
2024-06-17 20:51:20,208 - environment.app - ERROR - Error type: AttributeError
2024-06-17 20:51:20,679 - environment.app - ERROR - An error occurred: 'tuple' object has no attribute 'get'
2024-06-17 20:51:20,679 - environment.app - ERROR - Error type: AttributeError
2024-06-17 20:51:20,912 - environment.app - ERROR - An error occurred: 415 Unsupported Media Type: Did not attempt to load JSON data because the request Content-Type was not 'application/json'.
2024-06-17 20:51:20,912 - environment.app - ERROR - Error type: UnsupportedMediaType
2024-06-17 20:55:41,388 - airView.environment.app - ERROR - An error occurred: 415 Unsupported Media Type: Did not attempt to load JSON data because the request Content-Type was not 'application/json'.
2024-06-17 20:55:41,388 - airView.environment.app - ERROR - Error type: UnsupportedMediaType
2024-06-17 20:58:14,111 - airView.environment.app - ERROR - An error occurred: 415 Unsupported Media Type: Did not attempt to load JSON data because the request Content-Type was not 'application/json'.
2024-06-17 20:58:14,112 - airView.environment.app - ERROR - Error type: UnsupportedMediaType
2024-06-17 21:01:48,018 - airView.environment.app - ERROR - An error occurred: 415 Unsupported Media Type: Did not attempt to load JSON data because the request Content-Type was not 'application/json'.
2024-06-17 21:01:48,018 - airView.environment.app - ERROR - Error type: UnsupportedMediaType
2024-06-17 21:04:31,729 - airView.environment.app - ERROR - An error occurred: 'tuple' object has no attribute 'get'
2024-06-17 21:04:31,730 - airView.environment.app - ERROR - Error type: AttributeError
2024-06-17 21:04:31,969 - airView.environment.app - ERROR - An error occurred: 'tuple' object has no attribute 'get'
2024-06-17 21:04:31,969 - airView.environment.app - ERROR - Error type: AttributeError
2024-06-17 21:04:32,448 - airView.environment.app - ERROR - An error occurred: 'tuple' object has no attribute 'get'
2024-06-17 21:04:32,448 - airView.environment.app - ERROR - Error type: AttributeError
2024-06-17 21:04:32,689 - airView.environment.app - ERROR - An error occurred: 415 Unsupported Media Type: Did not attempt to load JSON data because the request Content-Type was not 'application/json'.
2024-06-17 21:04:32,689 - airView.environment.app - ERROR - Error type: UnsupportedMediaType
2024-06-17 21:04:57,811 - airView.environment.app - ERROR - An error occurred: 'tuple' object has no attribute 'get'
2024-06-17 21:04:57,811 - airView.environment.app - ERROR - Error type: AttributeError
2024-06-17 21:04:58,279 - airView.environment.app - ERROR - An error occurred: 'tuple' object has no attribute 'get'
2024-06-17 21:04:58,279 - airView.environment.app - ERROR - Error type: AttributeError
2024-06-17 21:04:58,513 - airView.environment.app - ERROR - An error occurred: 415 Unsupported Media Type: Did not attempt to load JSON data because the request Content-Type was not 'application/json'.
2024-06-17 21:04:58,513 - airView.environment.app - ERROR - Error type: UnsupportedMediaType
2024-06-17 21:07:43,296 - airView.environment.app - ERROR - An error occurred: 'tuple' object has no attribute 'get'
2024-06-17 21:07:43,296 - airView.environment.app - ERROR - Error type: AttributeError
2024-06-17 21:07:43,766 - airView.environment.app - ERROR - An error occurred: 'tuple' object has no attribute 'get'
2024-06-17 21:07:43,766 - airView.environment.app - ERROR - Error type: AttributeError
2024-06-17 21:07:44,001 - airView.environment.app - ERROR - An error occurred: 415 Unsupported Media Type: Did not attempt to load JSON data because the request Content-Type was not 'application/json'.
2024-06-17 21:07:44,001 - airView.environment.app - ERROR - Error type: UnsupportedMediaType
2024-06-17 21:17:14,511 - airView.environment.app - ERROR - An error occurred: 'tuple' object has no attribute 'get'
2024-06-17 21:17:14,511 - airView.environment.app - ERROR - Error type: AttributeError
2024-06-17 21:17:14,984 - airView.environment.app - ERROR - An error occurred: 'tuple' object has no attribute 'get'
2024-06-17 21:17:14,984 - airView.environment.app - ERROR - Error type: AttributeError
2024-06-17 21:17:15,218 - airView.environment.app - ERROR - An error occurred: 415 Unsupported Media Type: Did not attempt to load JSON data because the request Content-Type was not 'application/json'.
2024-06-17 21:17:15,218 - airView.environment.app - ERROR - Error type: UnsupportedMediaType
2024-06-17 21:21:44,321 - airView.environment.app - ERROR - An error occurred: 415 Unsupported Media Type: Did not attempt to load JSON data because the request Content-Type was not 'application/json'.
2024-06-17 21:21:44,321 - airView.environment.app - ERROR - Error type: UnsupportedMediaType
2024-06-18 02:08:48,761 - airView.environment.app - ERROR - An error occurred: 404 Not Found: The requested URL was not found on the server. If you entered the URL manually please check your spelling and try again.
2024-06-18 02:08:48,761 - airView.environment.app - ERROR - Error type: NotFound
2024-06-18 02:08:49,661 - airView.environment.app - ERROR - An error occurred: 404 Not Found: The requested URL was not found on the server. If you entered the URL manually please check your spelling and try again.
2024-06-18 02:08:49,661 - airView.environment.app - ERROR - Error type: NotFound
2024-06-18 02:08:50,644 - airView.environment.app - ERROR - An error occurred: 404 Not Found: The requested URL was not found on the server. If you entered the URL manually please check your spelling and try again.
2024-06-18 02:08:50,644 - airView.environment.app - ERROR - Error type: NotFound
2024-06-18 02:08:51,551 - airView.environment.app - ERROR - An error occurred: 404 Not Found: The requested URL was not found on the server. If you entered the URL manually please check your spelling and try again.
2024-06-18 02:08:51,551 - airView.environment.app - ERROR - Error type: NotFound
