2024-06-05 13:26:03,885 - app - ERROR - An error occurred: 404 Not Found: The requested URL was not found on the server. If you entered the URL manually please check your spelling and try again.
2024-06-05 13:26:03,885 - app - ERROR - Error type: NotFound
2024-06-05 13:26:10,557 - app - ERROR - An error occurred: 404 Not Found: The requested URL was not found on the server. If you entered the URL manually please check your spelling and try again.
2024-06-05 13:26:10,557 - app - ERROR - Error type: NotFound
2024-06-05 13:26:21,022 - app - ERROR - An error occurred: 404 Not Found: The requested URL was not found on the server. If you entered the URL manually please check your spelling and try again.
2024-06-05 13:26:21,023 - app - ERROR - Error type: NotFound
2024-06-05 13:26:23,967 - app - ERROR - An error occurred: 404 Not Found: The requested URL was not found on the server. If you entered the URL manually please check your spelling and try again.
2024-06-05 13:26:23,967 - app - ERROR - Error type: NotFound
2024-06-05 13:26:31,045 - app - ERROR - An error occurred: 404 Not Found: The requested URL was not found on the server. If you entered the URL manually please check your spelling and try again.
2024-06-05 13:26:31,050 - app - ERROR - Error type: NotFound
2024-06-05 13:27:58,409 - app - ERROR - An error occurred: 404 Not Found: The requested URL was not found on the server. If you entered the URL manually please check your spelling and try again.
2024-06-05 13:27:58,412 - app - ERROR - Error type: NotFound
2024-06-05 13:30:13,354 - app - ERROR - An error occurred: 404 Not Found: The requested URL was not found on the server. If you entered the URL manually please check your spelling and try again.
2024-06-05 13:30:13,354 - app - ERROR - Error type: NotFound
2024-06-05 14:20:48,196 - app - ERROR - An error occurred: 404 Not Found: The requested URL was not found on the server. If you entered the URL manually please check your spelling and try again.
2024-06-05 14:20:48,196 - app - ERROR - Error type: NotFound
2024-06-05 14:21:43,718 - app - ERROR - An error occurred: 404 Not Found: The requested URL was not found on the server. If you entered the URL manually please check your spelling and try again.
2024-06-05 14:21:43,722 - app - ERROR - Error type: NotFound
2024-06-05 14:21:45,778 - app - ERROR - An error occurred: 404 Not Found: The requested URL was not found on the server. If you entered the URL manually please check your spelling and try again.
2024-06-05 14:21:45,779 - app - ERROR - Error type: NotFound
2024-06-05 14:22:41,882 - app - ERROR - An error occurred: 404 Not Found: The requested URL was not found on the server. If you entered the URL manually please check your spelling and try again.
2024-06-05 14:22:41,883 - app - ERROR - Error type: NotFound
2024-06-05 14:23:08,923 - app - ERROR - An error occurred: 404 Not Found: The requested URL was not found on the server. If you entered the URL manually please check your spelling and try again.
2024-06-05 14:23:08,923 - app - ERROR - Error type: NotFound
2024-06-05 14:23:33,275 - app - ERROR - An error occurred: 404 Not Found: The requested URL was not found on the server. If you entered the URL manually please check your spelling and try again.
2024-06-05 14:23:33,275 - app - ERROR - Error type: NotFound
2024-06-05 14:23:54,574 - app - ERROR - An error occurred: 404 Not Found: The requested URL was not found on the server. If you entered the URL manually please check your spelling and try again.
2024-06-05 14:23:54,574 - app - ERROR - Error type: NotFound
2024-06-05 14:42:26,116 - app - ERROR - An error occurred: 404 Not Found: The requested URL was not found on the server. If you entered the URL manually please check your spelling and try again.
2024-06-05 14:42:26,116 - app - ERROR - Error type: NotFound
2024-06-05 14:43:00,832 - app - ERROR - An error occurred: 404 Not Found: The requested URL was not found on the server. If you entered the URL manually please check your spelling and try again.
2024-06-05 14:43:00,832 - app - ERROR - Error type: NotFound
2024-06-05 14:43:47,458 - app - ERROR - An error occurred: 404 Not Found: The requested URL was not found on the server. If you entered the URL manually please check your spelling and try again.
2024-06-05 14:43:47,459 - app - ERROR - Error type: NotFound
2024-06-05 14:44:01,580 - app - ERROR - An error occurred: 404 Not Found: The requested URL was not found on the server. If you entered the URL manually please check your spelling and try again.
2024-06-05 14:44:01,580 - app - ERROR - Error type: NotFound
2024-06-05 14:45:35,738 - app - ERROR - An error occurred: 404 Not Found: The requested URL was not found on the server. If you entered the URL manually please check your spelling and try again.
2024-06-05 14:45:35,738 - app - ERROR - Error type: NotFound
2024-06-05 14:46:02,283 - app - ERROR - An error occurred: 404 Not Found: The requested URL was not found on the server. If you entered the URL manually please check your spelling and try again.
2024-06-05 14:46:02,283 - app - ERROR - Error type: NotFound
2024-06-05 14:46:56,242 - app - ERROR - An error occurred: 404 Not Found: The requested URL was not found on the server. If you entered the URL manually please check your spelling and try again.
2024-06-05 14:46:56,242 - app - ERROR - Error type: NotFound
2024-06-05 14:54:36,291 - app - ERROR - An error occurred: 404 Not Found: The requested URL was not found on the server. If you entered the URL manually please check your spelling and try again.
2024-06-05 14:54:36,291 - app - ERROR - Error type: NotFound
2024-06-05 14:54:55,528 - app - ERROR - An error occurred: 404 Not Found: The requested URL was not found on the server. If you entered the URL manually please check your spelling and try again.
2024-06-05 14:54:55,530 - app - ERROR - Error type: NotFound
2024-06-05 15:30:04,309 - app - ERROR - An error occurred: 404 Not Found: The requested URL was not found on the server. If you entered the URL manually please check your spelling and try again.
2024-06-05 15:30:04,310 - app - ERROR - Error type: NotFound
2024-06-05 15:30:08,275 - app - ERROR - An error occurred: 404 Not Found: The requested URL was not found on the server. If you entered the URL manually please check your spelling and try again.
2024-06-05 15:30:08,277 - app - ERROR - Error type: NotFound
2024-06-05 15:31:23,678 - app - ERROR - An error occurred: 404 Not Found: The requested URL was not found on the server. If you entered the URL manually please check your spelling and try again.
2024-06-05 15:31:23,678 - app - ERROR - Error type: NotFound
2024-06-05 15:34:09,494 - app - ERROR - An error occurred: 404 Not Found: The requested URL was not found on the server. If you entered the URL manually please check your spelling and try again.
2024-06-05 15:34:09,494 - app - ERROR - Error type: NotFound
2024-06-05 15:34:18,492 - app - ERROR - An error occurred: 404 Not Found: The requested URL was not found on the server. If you entered the URL manually please check your spelling and try again.
2024-06-05 15:34:18,493 - app - ERROR - Error type: NotFound
2024-06-05 20:00:02,396 - app - ERROR - An error occurred: module 'hashlib' has no attribute 'scrypt'
2024-06-05 20:00:02,396 - app - ERROR - Error type: AttributeError
2024-06-08 11:45:13,963 - app - ERROR - An error occurred: 404 Not Found: The requested URL was not found on the server. If you entered the URL manually please check your spelling and try again.
2024-06-08 11:45:13,964 - app - ERROR - Error type: NotFound
2024-06-08 11:45:18,135 - app - ERROR - An error occurred: 404 Not Found: The requested URL was not found on the server. If you entered the URL manually please check your spelling and try again.
2024-06-08 11:45:18,136 - app - ERROR - Error type: NotFound
2024-06-08 12:11:31,282 - app - ERROR - An error occurred: 404 Not Found: The requested URL was not found on the server. If you entered the URL manually please check your spelling and try again.
2024-06-08 12:11:31,282 - app - ERROR - Error type: NotFound
2024-06-08 12:11:32,690 - app - ERROR - An error occurred: 404 Not Found: The requested URL was not found on the server. If you entered the URL manually please check your spelling and try again.
2024-06-08 12:11:32,690 - app - ERROR - Error type: NotFound
2024-06-08 12:23:21,743 - app - ERROR - An error occurred: expected str, bytes or os.PathLike object, not NoneType
2024-06-08 12:23:21,744 - app - ERROR - Error type: TypeError
2024-06-08 12:27:01,936 - app - ERROR - An error occurred: expected str, bytes or os.PathLike object, not NoneType
2024-06-08 12:27:01,937 - app - ERROR - Error type: TypeError
2024-06-08 12:35:12,614 - app - ERROR - An error occurred: expected str, bytes or os.PathLike object, not NoneType
2024-06-08 12:35:12,615 - app - ERROR - Error type: TypeError
2024-06-08 12:38:07,579 - app - ERROR - An error occurred: expected str, bytes or os.PathLike object, not NoneType
2024-06-08 12:38:07,579 - app - ERROR - Error type: TypeError
2024-06-08 12:46:49,632 - app - ERROR - An error occurred: expected str, bytes or os.PathLike object, not NoneType
2024-06-08 12:46:49,632 - app - ERROR - Error type: TypeError
2024-06-08 12:50:47,536 - app - ERROR - An error occurred: expected str, bytes or os.PathLike object, not NoneType
2024-06-08 12:50:47,536 - app - ERROR - Error type: TypeError
2024-06-08 12:58:47,892 - app - ERROR - An error occurred: [Errno 8] nodename nor servname provided, or not known
2024-06-08 12:58:47,892 - app - ERROR - Error type: gaierror
2024-06-08 14:39:21,401 - app - ERROR - An error occurred: 404 Not Found: The requested URL was not found on the server. If you entered the URL manually please check your spelling and try again.
2024-06-08 14:39:21,401 - app - ERROR - Error type: NotFound
2024-06-08 15:37:02,461 - app - ERROR - An error occurred: 404 Not Found: The requested URL was not found on the server. If you entered the URL manually please check your spelling and try again.
2024-06-08 15:37:02,463 - app - ERROR - Error type: NotFound
2024-06-08 15:37:31,665 - app - ERROR - An error occurred: 404 Not Found: The requested URL was not found on the server. If you entered the URL manually please check your spelling and try again.
2024-06-08 15:37:31,665 - app - ERROR - Error type: NotFound
2024-06-08 15:37:39,763 - app - ERROR - An error occurred: 404 Not Found: The requested URL was not found on the server. If you entered the URL manually please check your spelling and try again.
2024-06-08 15:37:39,763 - app - ERROR - Error type: NotFound
2024-06-08 15:56:30,212 - app - ERROR - An error occurred: 404 Not Found: The requested URL was not found on the server. If you entered the URL manually please check your spelling and try again.
2024-06-08 15:56:30,217 - app - ERROR - Error type: NotFound
2024-06-08 15:57:06,127 - app - ERROR - An error occurred: 404 Not Found: The requested URL was not found on the server. If you entered the URL manually please check your spelling and try again.
2024-06-08 15:57:06,135 - app - ERROR - Error type: NotFound
2024-06-08 15:58:00,394 - app - ERROR - An error occurred: 404 Not Found: The requested URL was not found on the server. If you entered the URL manually please check your spelling and try again.
2024-06-08 15:58:00,394 - app - ERROR - Error type: NotFound
2024-06-08 17:38:09,237 - app - ERROR - An error occurred: jwt_required.<locals>.wrapper() missing 1 required positional argument: 'fn'
2024-06-08 17:38:09,238 - app - ERROR - Error type: TypeError
2024-06-08 18:38:35,395 - app - ERROR - An error occurred: 404 Not Found: The requested URL was not found on the server. If you entered the URL manually please check your spelling and try again.
2024-06-08 18:38:35,396 - app - ERROR - Error type: NotFound
2024-06-08 19:14:49,953 - app - ERROR - An error occurred: 404 Not Found: The requested URL was not found on the server. If you entered the URL manually please check your spelling and try again.
2024-06-08 19:14:49,953 - app - ERROR - Error type: NotFound
2024-06-08 19:17:08,440 - app - ERROR - An error occurred: 404 Not Found: The requested URL was not found on the server. If you entered the URL manually please check your spelling and try again.
2024-06-08 19:17:08,441 - app - ERROR - Error type: NotFound
2024-06-08 19:17:29,089 - app - ERROR - An error occurred: 404 Not Found: The requested URL was not found on the server. If you entered the URL manually please check your spelling and try again.
2024-06-08 19:17:29,089 - app - ERROR - Error type: NotFound
2024-06-08 19:27:22,565 - app - ERROR - An error occurred: 404 Not Found: The requested URL was not found on the server. If you entered the URL manually please check your spelling and try again.
2024-06-08 19:27:22,565 - app - ERROR - Error type: NotFound
2024-06-09 14:53:02,540 - app - ERROR - An error occurred: 404 Not Found: The requested URL was not found on the server. If you entered the URL manually please check your spelling and try again.
2024-06-09 14:53:02,540 - app - ERROR - Error type: NotFound
2024-06-09 15:00:14,125 - app - ERROR - An error occurred: 404 Not Found: The requested URL was not found on the server. If you entered the URL manually please check your spelling and try again.
2024-06-09 15:00:14,128 - app - ERROR - Error type: NotFound
2024-06-09 15:02:19,164 - app - ERROR - An error occurred: 404 Not Found: The requested URL was not found on the server. If you entered the URL manually please check your spelling and try again.
2024-06-09 15:02:19,164 - app - ERROR - Error type: NotFound
2024-06-09 15:02:48,223 - app - ERROR - An error occurred: 404 Not Found: The requested URL was not found on the server. If you entered the URL manually please check your spelling and try again.
2024-06-09 15:02:48,223 - app - ERROR - Error type: NotFound
2024-06-09 15:08:14,930 - app - ERROR - An error occurred: 404 Not Found: The requested URL was not found on the server. If you entered the URL manually please check your spelling and try again.
2024-06-09 15:08:14,932 - app - ERROR - Error type: NotFound
2024-06-09 15:11:11,965 - app - ERROR - An error occurred: 404 Not Found: The requested URL was not found on the server. If you entered the URL manually please check your spelling and try again.
2024-06-09 15:11:11,965 - app - ERROR - Error type: NotFound
2024-06-09 15:16:14,794 - app - ERROR - An error occurred: 404 Not Found: The requested URL was not found on the server. If you entered the URL manually please check your spelling and try again.
2024-06-09 15:16:14,795 - app - ERROR - Error type: NotFound
2024-06-09 15:17:01,339 - app - ERROR - An error occurred: 404 Not Found: The requested URL was not found on the server. If you entered the URL manually please check your spelling and try again.
2024-06-09 15:17:01,340 - app - ERROR - Error type: NotFound
2024-06-09 15:19:26,249 - app - ERROR - An error occurred: 404 Not Found: The requested URL was not found on the server. If you entered the URL manually please check your spelling and try again.
2024-06-09 15:19:26,249 - app - ERROR - Error type: NotFound
2024-06-09 15:28:00,845 - app - ERROR - An error occurred: 404 Not Found: The requested URL was not found on the server. If you entered the URL manually please check your spelling and try again.
2024-06-09 15:28:00,847 - app - ERROR - Error type: NotFound
2024-06-09 15:29:57,444 - app - ERROR - An error occurred: 404 Not Found: The requested URL was not found on the server. If you entered the URL manually please check your spelling and try again.
2024-06-09 15:29:57,445 - app - ERROR - Error type: NotFound
2024-06-09 15:30:34,828 - app - ERROR - An error occurred: 404 Not Found: The requested URL was not found on the server. If you entered the URL manually please check your spelling and try again.
2024-06-09 15:30:34,830 - app - ERROR - Error type: NotFound
2024-06-09 15:30:47,340 - app - ERROR - An error occurred: 404 Not Found: The requested URL was not found on the server. If you entered the URL manually please check your spelling and try again.
2024-06-09 15:30:47,341 - app - ERROR - Error type: NotFound
2024-06-09 15:30:58,395 - app - ERROR - An error occurred: 404 Not Found: The requested URL was not found on the server. If you entered the URL manually please check your spelling and try again.
2024-06-09 15:30:58,396 - app - ERROR - Error type: NotFound
2024-06-09 15:31:06,932 - app - ERROR - An error occurred: 404 Not Found: The requested URL was not found on the server. If you entered the URL manually please check your spelling and try again.
2024-06-09 15:31:06,932 - app - ERROR - Error type: NotFound
2024-06-09 15:31:13,924 - app - ERROR - An error occurred: 404 Not Found: The requested URL was not found on the server. If you entered the URL manually please check your spelling and try again.
2024-06-09 15:31:13,926 - app - ERROR - Error type: NotFound
2024-06-09 15:31:39,205 - app - ERROR - An error occurred: 404 Not Found: The requested URL was not found on the server. If you entered the URL manually please check your spelling and try again.
2024-06-09 15:31:39,206 - app - ERROR - Error type: NotFound
2024-06-09 15:43:31,945 - app - ERROR - An error occurred: 404 Not Found: The requested URL was not found on the server. If you entered the URL manually please check your spelling and try again.
2024-06-09 15:43:31,945 - app - ERROR - Error type: NotFound
2024-06-09 15:46:22,002 - app - ERROR - An error occurred: 404 Not Found: The requested URL was not found on the server. If you entered the URL manually please check your spelling and try again.
2024-06-09 15:46:22,003 - app - ERROR - Error type: NotFound
2024-06-09 16:32:00,529 - app - ERROR - An error occurred: 404 Not Found: The requested URL was not found on the server. If you entered the URL manually please check your spelling and try again.
2024-06-09 16:32:00,529 - app - ERROR - Error type: NotFound
2024-06-09 16:33:03,885 - app - ERROR - An error occurred: 405 Method Not Allowed: The method is not allowed for the requested URL.
2024-06-09 16:33:03,885 - app - ERROR - Error type: MethodNotAllowed
2024-06-09 16:33:57,017 - app - ERROR - An error occurred: 404 Not Found: The requested URL was not found on the server. If you entered the URL manually please check your spelling and try again.
2024-06-09 16:33:57,025 - app - ERROR - Error type: NotFound
2024-06-09 16:43:31,943 - app - ERROR - An error occurred: 404 Not Found: The requested URL was not found on the server. If you entered the URL manually please check your spelling and try again.
2024-06-09 16:43:31,943 - app - ERROR - Error type: NotFound
2024-06-09 18:10:53,646 - app - ERROR - An error occurred: 405 Method Not Allowed: The method is not allowed for the requested URL.
2024-06-09 18:10:53,646 - app - ERROR - Error type: MethodNotAllowed
2024-06-09 18:11:41,950 - app - ERROR - An error occurred: 404 Not Found: The requested URL was not found on the server. If you entered the URL manually please check your spelling and try again.
2024-06-09 18:11:41,952 - app - ERROR - Error type: NotFound
2024-06-09 18:14:54,191 - app - ERROR - An error occurred: 404 Not Found: The requested URL was not found on the server. If you entered the URL manually please check your spelling and try again.
2024-06-09 18:14:54,191 - app - ERROR - Error type: NotFound
2024-06-09 18:53:08,182 - app - ERROR - An error occurred: 404 Not Found: The requested URL was not found on the server. If you entered the URL manually please check your spelling and try again.
2024-06-09 18:53:08,186 - app - ERROR - Error type: NotFound
2024-06-09 20:07:44,083 - app - ERROR - An error occurred: 404 Not Found: The requested URL was not found on the server. If you entered the URL manually please check your spelling and try again.
2024-06-09 20:07:44,085 - app - ERROR - Error type: NotFound
2024-06-09 20:29:53,627 - app - ERROR - An error occurred: 404 Not Found: The requested URL was not found on the server. If you entered the URL manually please check your spelling and try again.
2024-06-09 20:29:53,627 - app - ERROR - Error type: NotFound
2024-06-09 20:30:00,216 - app - ERROR - An error occurred: 404 Not Found: The requested URL was not found on the server. If you entered the URL manually please check your spelling and try again.
2024-06-09 20:30:00,216 - app - ERROR - Error type: NotFound
2024-06-09 20:31:04,686 - app - ERROR - An error occurred: 404 Not Found: The requested URL was not found on the server. If you entered the URL manually please check your spelling and try again.
2024-06-09 20:31:04,686 - app - ERROR - Error type: NotFound
2024-06-09 20:36:25,329 - app - ERROR - An error occurred: 404 Not Found: The requested URL was not found on the server. If you entered the URL manually please check your spelling and try again.
2024-06-09 20:36:25,329 - app - ERROR - Error type: NotFound
2024-06-09 23:16:54,061 - app - ERROR - An error occurred: 404 Not Found: The requested URL was not found on the server. If you entered the URL manually please check your spelling and try again.
2024-06-09 23:16:54,064 - app - ERROR - Error type: NotFound
2024-06-09 23:24:00,463 - app - ERROR - An error occurred: 'tuple' object has no attribute 'get'
2024-06-09 23:24:00,476 - app - ERROR - Error type: AttributeError
2024-06-09 23:25:23,957 - app - ERROR - An error occurred: 'tuple' object has no attribute 'get'
2024-06-09 23:25:23,967 - app - ERROR - Error type: AttributeError
2024-06-09 23:35:04,592 - app - ERROR - An error occurred: 'tuple' object has no attribute 'get'
2024-06-09 23:35:04,592 - app - ERROR - Error type: AttributeError
2024-06-09 23:36:04,036 - app - ERROR - An error occurred: 'tuple' object has no attribute 'get'
2024-06-09 23:36:04,036 - app - ERROR - Error type: AttributeError
2024-06-09 23:36:43,597 - app - ERROR - An error occurred: 'tuple' object has no attribute 'get'
2024-06-09 23:36:43,598 - app - ERROR - Error type: AttributeError
2024-06-09 23:37:24,660 - app - ERROR - An error occurred: 'tuple' object has no attribute 'get'
2024-06-09 23:37:24,660 - app - ERROR - Error type: AttributeError
2024-06-09 23:38:19,964 - app - ERROR - An error occurred: 'tuple' object has no attribute 'get'
2024-06-09 23:38:19,964 - app - ERROR - Error type: AttributeError
2024-06-10 00:11:21,007 - app - ERROR - An error occurred: 'tuple' object has no attribute 'get'
2024-06-10 00:11:21,011 - app - ERROR - Error type: AttributeError
2024-06-10 00:11:50,606 - app - ERROR - An error occurred: 'tuple' object has no attribute 'get'
2024-06-10 00:11:50,616 - app - ERROR - Error type: AttributeError
2024-06-10 00:13:32,176 - app - ERROR - An error occurred: 404 Not Found: The requested URL was not found on the server. If you entered the URL manually please check your spelling and try again.
2024-06-10 00:13:32,184 - app - ERROR - Error type: NotFound
2024-06-10 00:14:11,239 - app - ERROR - An error occurred: 'tuple' object has no attribute 'get'
2024-06-10 00:14:11,239 - app - ERROR - Error type: AttributeError
2024-06-10 15:26:01,317 - app - ERROR - An error occurred: 404 Not Found: The requested URL was not found on the server. If you entered the URL manually please check your spelling and try again.
2024-06-10 15:26:01,317 - app - ERROR - Error type: NotFound
2024-06-12 14:22:28,808 - app - ERROR - An error occurred: 404 Not Found: The requested URL was not found on the server. If you entered the URL manually please check your spelling and try again.
2024-06-12 14:22:28,809 - app - ERROR - Error type: NotFound
2024-06-15 13:33:03,029 - app - ERROR - An error occurred: 404 Not Found: The requested URL was not found on the server. If you entered the URL manually please check your spelling and try again.
2024-06-15 13:33:03,029 - app - ERROR - Error type: NotFound
2024-06-15 13:55:53,320 - app - ERROR - An error occurred: 'tuple' object has no attribute 'get'
2024-06-15 13:55:53,327 - app - ERROR - Error type: AttributeError
2024-06-15 13:55:56,222 - app - ERROR - An error occurred: 'tuple' object has no attribute 'get'
2024-06-15 13:55:56,222 - app - ERROR - Error type: AttributeError
2024-06-15 13:58:59,332 - app - ERROR - An error occurred: 404 Not Found: The requested URL was not found on the server. If you entered the URL manually please check your spelling and try again.
2024-06-15 13:58:59,333 - app - ERROR - Error type: NotFound
2024-06-15 14:00:05,355 - app - ERROR - An error occurred: 404 Not Found: The requested URL was not found on the server. If you entered the URL manually please check your spelling and try again.
2024-06-15 14:00:05,355 - app - ERROR - Error type: NotFound
2024-06-15 14:00:06,769 - app - ERROR - An error occurred: 404 Not Found: The requested URL was not found on the server. If you entered the URL manually please check your spelling and try again.
2024-06-15 14:00:06,769 - app - ERROR - Error type: NotFound
2024-06-15 14:00:07,546 - app - ERROR - An error occurred: 404 Not Found: The requested URL was not found on the server. If you entered the URL manually please check your spelling and try again.
2024-06-15 14:00:07,546 - app - ERROR - Error type: NotFound
2024-06-15 14:00:36,569 - app - ERROR - An error occurred: 404 Not Found: The requested URL was not found on the server. If you entered the URL manually please check your spelling and try again.
2024-06-15 14:00:36,569 - app - ERROR - Error type: NotFound
2024-06-15 14:00:37,317 - app - ERROR - An error occurred: 404 Not Found: The requested URL was not found on the server. If you entered the URL manually please check your spelling and try again.
2024-06-15 14:00:37,317 - app - ERROR - Error type: NotFound
2024-06-15 14:00:38,084 - app - ERROR - An error occurred: 404 Not Found: The requested URL was not found on the server. If you entered the URL manually please check your spelling and try again.
2024-06-15 14:00:38,084 - app - ERROR - Error type: NotFound
2024-06-15 14:00:59,941 - app - ERROR - An error occurred: 404 Not Found: The requested URL was not found on the server. If you entered the URL manually please check your spelling and try again.
2024-06-15 14:00:59,941 - app - ERROR - Error type: NotFound
2024-06-15 14:01:09,536 - app - ERROR - An error occurred: 404 Not Found: The requested URL was not found on the server. If you entered the URL manually please check your spelling and try again.
2024-06-15 14:01:09,538 - app - ERROR - Error type: NotFound
2024-06-15 14:02:17,399 - app - ERROR - An error occurred: 404 Not Found: The requested URL was not found on the server. If you entered the URL manually please check your spelling and try again.
2024-06-15 14:02:17,399 - app - ERROR - Error type: NotFound
2024-06-15 14:02:35,730 - app - ERROR - An error occurred: 404 Not Found: The requested URL was not found on the server. If you entered the URL manually please check your spelling and try again.
2024-06-15 14:02:35,730 - app - ERROR - Error type: NotFound
2024-06-15 14:02:52,292 - app - ERROR - An error occurred: 404 Not Found: The requested URL was not found on the server. If you entered the URL manually please check your spelling and try again.
2024-06-15 14:02:52,292 - app - ERROR - Error type: NotFound
2024-06-15 14:02:53,136 - app - ERROR - An error occurred: 404 Not Found: The requested URL was not found on the server. If you entered the URL manually please check your spelling and try again.
2024-06-15 14:02:53,138 - app - ERROR - Error type: NotFound
2024-06-15 14:04:42,868 - app - ERROR - An error occurred: 404 Not Found: The requested URL was not found on the server. If you entered the URL manually please check your spelling and try again.
2024-06-15 14:04:42,870 - app - ERROR - Error type: NotFound
2024-06-15 14:04:52,410 - app - ERROR - An error occurred: 404 Not Found: The requested URL was not found on the server. If you entered the URL manually please check your spelling and try again.
2024-06-15 14:04:52,410 - app - ERROR - Error type: NotFound
2024-06-15 14:04:59,832 - app - ERROR - An error occurred: 404 Not Found: The requested URL was not found on the server. If you entered the URL manually please check your spelling and try again.
2024-06-15 14:04:59,843 - app - ERROR - Error type: NotFound
2024-06-15 14:05:07,482 - app - ERROR - An error occurred: 404 Not Found: The requested URL was not found on the server. If you entered the URL manually please check your spelling and try again.
2024-06-15 14:05:07,491 - app - ERROR - Error type: NotFound
2024-06-15 14:05:15,584 - app - ERROR - An error occurred: 404 Not Found: The requested URL was not found on the server. If you entered the URL manually please check your spelling and try again.
2024-06-15 14:05:15,587 - app - ERROR - Error type: NotFound
2024-06-15 14:05:16,395 - app - ERROR - An error occurred: 404 Not Found: The requested URL was not found on the server. If you entered the URL manually please check your spelling and try again.
2024-06-15 14:05:16,397 - app - ERROR - Error type: NotFound
2024-06-15 14:05:46,892 - app - ERROR - An error occurred: 404 Not Found: The requested URL was not found on the server. If you entered the URL manually please check your spelling and try again.
2024-06-15 14:05:46,892 - app - ERROR - Error type: NotFound
2024-06-15 14:05:49,826 - app - ERROR - An error occurred: 404 Not Found: The requested URL was not found on the server. If you entered the URL manually please check your spelling and try again.
2024-06-15 14:05:49,826 - app - ERROR - Error type: NotFound
2024-06-15 14:11:36,369 - app - ERROR - An error occurred: 404 Not Found: The requested URL was not found on the server. If you entered the URL manually please check your spelling and try again.
2024-06-15 14:11:36,370 - app - ERROR - Error type: NotFound
2024-06-15 14:11:49,908 - app - ERROR - An error occurred: 'tuple' object has no attribute 'get'
2024-06-15 14:11:49,908 - app - ERROR - Error type: AttributeError
2024-06-15 14:13:51,818 - app - ERROR - An error occurred: 'tuple' object has no attribute 'get'
2024-06-15 14:13:51,818 - app - ERROR - Error type: AttributeError
2024-06-15 14:18:05,746 - app - ERROR - An error occurred: 'tuple' object has no attribute 'get'
2024-06-15 14:18:05,746 - app - ERROR - Error type: AttributeError
2024-06-15 14:19:00,756 - app - ERROR - An error occurred: 'tuple' object has no attribute 'get'
2024-06-15 14:19:00,756 - app - ERROR - Error type: AttributeError
2024-06-15 14:19:34,655 - app - ERROR - An error occurred: 'tuple' object has no attribute 'get'
2024-06-15 14:19:34,655 - app - ERROR - Error type: AttributeError
2024-06-15 14:19:41,542 - app - ERROR - An error occurred: 'tuple' object has no attribute 'get'
2024-06-15 14:19:41,542 - app - ERROR - Error type: AttributeError
2024-06-15 14:23:14,441 - app - ERROR - An error occurred: 404 Not Found: The requested URL was not found on the server. If you entered the URL manually please check your spelling and try again.
2024-06-15 14:23:14,452 - app - ERROR - Error type: NotFound
2024-06-15 14:23:17,618 - app - ERROR - An error occurred: 404 Not Found: The requested URL was not found on the server. If you entered the URL manually please check your spelling and try again.
2024-06-15 14:23:17,618 - app - ERROR - Error type: NotFound
2024-06-15 14:23:55,020 - app - ERROR - An error occurred: 404 Not Found: The requested URL was not found on the server. If you entered the URL manually please check your spelling and try again.
2024-06-15 14:23:55,020 - app - ERROR - Error type: NotFound
2024-06-15 14:23:59,290 - app - ERROR - An error occurred: 404 Not Found: The requested URL was not found on the server. If you entered the URL manually please check your spelling and try again.
2024-06-15 14:23:59,299 - app - ERROR - Error type: NotFound
2024-06-15 14:27:17,668 - app - ERROR - An error occurred: 404 Not Found: The requested URL was not found on the server. If you entered the URL manually please check your spelling and try again.
2024-06-15 14:27:17,668 - app - ERROR - Error type: NotFound
2024-06-15 14:27:21,718 - app - ERROR - An error occurred: 404 Not Found: The requested URL was not found on the server. If you entered the URL manually please check your spelling and try again.
2024-06-15 14:27:21,718 - app - ERROR - Error type: NotFound
2024-06-15 14:46:09,207 - app - ERROR - An error occurred: 404 Not Found: The requested URL was not found on the server. If you entered the URL manually please check your spelling and try again.
2024-06-15 14:46:09,208 - app - ERROR - Error type: NotFound
2024-06-15 14:48:37,063 - app - ERROR - An error occurred: 404 Not Found: The requested URL was not found on the server. If you entered the URL manually please check your spelling and try again.
2024-06-15 14:48:37,063 - app - ERROR - Error type: NotFound
2024-06-15 14:49:03,984 - app - ERROR - An error occurred: 404 Not Found: The requested URL was not found on the server. If you entered the URL manually please check your spelling and try again.
2024-06-15 14:49:03,984 - app - ERROR - Error type: NotFound
2024-06-15 15:26:47,817 - app - ERROR - An error occurred: 405 Method Not Allowed: The method is not allowed for the requested URL.
2024-06-15 15:26:47,819 - app - ERROR - Error type: MethodNotAllowed
2024-06-15 16:09:27,968 - app - ERROR - An error occurred: 'tuple' object has no attribute 'get'
2024-06-15 16:09:27,968 - app - ERROR - Error type: AttributeError
2024-06-15 16:15:15,496 - app - ERROR - An error occurred: 'tuple' object has no attribute 'get'
2024-06-15 16:15:15,496 - app - ERROR - Error type: AttributeError
2024-06-15 16:17:40,978 - app - ERROR - An error occurred: 'tuple' object has no attribute 'get'
2024-06-15 16:17:40,979 - app - ERROR - Error type: AttributeError
2024-06-15 16:22:44,000 - app - ERROR - An error occurred: 'tuple' object has no attribute 'get'
2024-06-15 16:22:44,003 - app - ERROR - Error type: AttributeError
2024-06-15 16:23:33,230 - app - ERROR - An error occurred: 'tuple' object has no attribute 'get'
2024-06-15 16:23:33,230 - app - ERROR - Error type: AttributeError
2024-06-15 16:25:29,706 - app - ERROR - An error occurred: 'tuple' object has no attribute 'get'
2024-06-15 16:25:29,706 - app - ERROR - Error type: AttributeError
2024-06-15 16:27:44,525 - app - ERROR - An error occurred: 'tuple' object has no attribute 'get'
2024-06-15 16:27:44,541 - app - ERROR - Error type: AttributeError
2024-06-15 16:28:06,658 - app - ERROR - An error occurred: 'tuple' object has no attribute 'get'
2024-06-15 16:28:06,658 - app - ERROR - Error type: AttributeError
2024-06-15 16:34:51,371 - app - ERROR - An error occurred: 'tuple' object has no attribute 'get'
2024-06-15 16:34:51,371 - app - ERROR - Error type: AttributeError
2024-06-15 16:37:48,283 - app - ERROR - An error occurred: 'tuple' object has no attribute 'get'
2024-06-15 16:37:48,283 - app - ERROR - Error type: AttributeError
2024-06-15 16:38:26,233 - app - ERROR - An error occurred: 'tuple' object has no attribute 'get'
2024-06-15 16:38:26,233 - app - ERROR - Error type: AttributeError
2024-06-15 16:41:48,636 - app - ERROR - An error occurred: 'tuple' object has no attribute 'get'
2024-06-15 16:41:48,636 - app - ERROR - Error type: AttributeError
2024-06-15 16:43:16,701 - app - ERROR - An error occurred: 'tuple' object has no attribute 'get'
2024-06-15 16:43:16,701 - app - ERROR - Error type: AttributeError
2024-06-15 16:45:09,986 - app - ERROR - An error occurred: 404 Not Found: The requested URL was not found on the server. If you entered the URL manually please check your spelling and try again.
2024-06-15 16:45:09,997 - app - ERROR - Error type: NotFound
2024-06-15 16:45:40,121 - app - ERROR - An error occurred: 'tuple' object has no attribute 'get'
2024-06-15 16:45:40,121 - app - ERROR - Error type: AttributeError
2024-06-15 16:46:10,581 - app - ERROR - An error occurred: 'tuple' object has no attribute 'get'
2024-06-15 16:46:10,583 - app - ERROR - Error type: AttributeError
2024-06-15 16:47:48,975 - app - ERROR - An error occurred: 'tuple' object has no attribute 'get'
2024-06-15 16:47:48,975 - app - ERROR - Error type: AttributeError
