2024-06-04 21:41:31,786 - app - ERROR - An error occurred: 404 Not Found: The requested URL was not found on the server. If you entered the URL manually please check your spelling and try again.
2024-06-04 21:41:31,787 - app - ERROR - Error type: NotFound
2024-06-04 21:54:16,763 - app - ERROR - An error occurred: 404 Not Found: The requested URL was not found on the server. If you entered the URL manually please check your spelling and try again.
2024-06-04 21:54:16,764 - app - ERROR - Error type: NotFound
2024-06-04 21:54:18,342 - app - ERROR - An error occurred: 404 Not Found: The requested URL was not found on the server. If you entered the URL manually please check your spelling and try again.
2024-06-04 21:54:18,343 - app - ERROR - Error type: NotFound
2024-06-04 21:56:22,369 - app - ERROR - An error occurred: 404 Not Found: The requested URL was not found on the server. If you entered the URL manually please check your spelling and try again.
2024-06-04 21:56:22,370 - app - ERROR - Error type: NotFound
2024-06-04 21:56:50,865 - app - ERROR - An error occurred: 404 Not Found: The requested URL was not found on the server. If you entered the URL manually please check your spelling and try again.
2024-06-04 21:56:50,867 - app - ERROR - Error type: NotFound
2024-06-04 21:57:25,496 - app - ERROR - An error occurred: 404 Not Found: The requested URL was not found on the server. If you entered the URL manually please check your spelling and try again.
2024-06-04 21:57:25,498 - app - ERROR - Error type: NotFound
2024-06-04 22:00:21,087 - app - ERROR - An error occurred: 404 Not Found: The requested URL was not found on the server. If you entered the URL manually please check your spelling and try again.
2024-06-04 22:00:21,090 - app - ERROR - Error type: NotFound
2024-06-04 22:10:26,165 - app - ERROR - An error occurred: 404 Not Found: The requested URL was not found on the server. If you entered the URL manually please check your spelling and try again.
2024-06-04 22:10:26,166 - app - ERROR - Error type: NotFound
2024-06-04 22:10:29,276 - app - ERROR - An error occurred: 404 Not Found: The requested URL was not found on the server. If you entered the URL manually please check your spelling and try again.
2024-06-04 22:10:29,277 - app - ERROR - Error type: NotFound
2024-06-04 22:10:35,597 - app - ERROR - An error occurred: 404 Not Found: The requested URL was not found on the server. If you entered the URL manually please check your spelling and try again.
2024-06-04 22:10:35,598 - app - ERROR - Error type: NotFound
2024-06-04 22:24:02,688 - app - ERROR - An error occurred: 404 Not Found: The requested URL was not found on the server. If you entered the URL manually please check your spelling and try again.
2024-06-04 22:24:02,689 - app - ERROR - Error type: NotFound
2024-06-04 22:25:46,829 - app - ERROR - An error occurred: 404 Not Found: The requested URL was not found on the server. If you entered the URL manually please check your spelling and try again.
2024-06-04 22:25:46,830 - app - ERROR - Error type: NotFound
2024-06-04 22:28:12,294 - app - ERROR - An error occurred: 404 Not Found: The requested URL was not found on the server. If you entered the URL manually please check your spelling and try again.
2024-06-04 22:28:12,295 - app - ERROR - Error type: NotFound
2024-06-05 13:59:13,169 - app - ERROR - An error occurred: 404 Not Found: The requested URL was not found on the server. If you entered the URL manually please check your spelling and try again.
2024-06-05 13:59:13,170 - app - ERROR - Error type: NotFound
2024-06-05 13:59:15,647 - app - ERROR - An error occurred: 404 Not Found: The requested URL was not found on the server. If you entered the URL manually please check your spelling and try again.
2024-06-05 13:59:15,648 - app - ERROR - Error type: NotFound
2024-06-05 13:59:30,414 - app - ERROR - An error occurred: 404 Not Found: The requested URL was not found on the server. If you entered the URL manually please check your spelling and try again.
2024-06-05 13:59:30,416 - app - ERROR - Error type: NotFound
2024-06-05 14:00:11,821 - app - ERROR - An error occurred: 404 Not Found: The requested URL was not found on the server. If you entered the URL manually please check your spelling and try again.
2024-06-05 14:00:11,822 - app - ERROR - Error type: NotFound
2024-06-05 14:00:13,166 - app - ERROR - An error occurred: 404 Not Found: The requested URL was not found on the server. If you entered the URL manually please check your spelling and try again.
2024-06-05 14:00:13,167 - app - ERROR - Error type: NotFound
2024-06-05 14:00:25,027 - app - ERROR - An error occurred: 404 Not Found: The requested URL was not found on the server. If you entered the URL manually please check your spelling and try again.
2024-06-05 14:00:25,029 - app - ERROR - Error type: NotFound
2024-06-05 14:12:56,606 - app - ERROR - An error occurred: 404 Not Found: The requested URL was not found on the server. If you entered the URL manually please check your spelling and try again.
2024-06-05 14:12:56,608 - app - ERROR - Error type: NotFound
2024-06-05 14:37:05,700 - app - ERROR - An error occurred: 404 Not Found: The requested URL was not found on the server. If you entered the URL manually please check your spelling and try again.
2024-06-05 14:37:05,701 - app - ERROR - Error type: NotFound
2024-06-05 14:37:05,715 - app - ERROR - An error occurred: 404 Not Found: The requested URL was not found on the server. If you entered the URL manually please check your spelling and try again.
2024-06-05 14:37:05,716 - app - ERROR - Error type: NotFound
2024-06-05 14:37:39,986 - app - ERROR - An error occurred: 404 Not Found: The requested URL was not found on the server. If you entered the URL manually please check your spelling and try again.
2024-06-05 14:37:39,986 - app - ERROR - Error type: NotFound
2024-06-05 14:37:40,004 - app - ERROR - An error occurred: 404 Not Found: The requested URL was not found on the server. If you entered the URL manually please check your spelling and try again.
2024-06-05 14:37:40,005 - app - ERROR - Error type: NotFound
2024-06-05 14:43:49,473 - app - ERROR - An error occurred: 404 Not Found: The requested URL was not found on the server. If you entered the URL manually please check your spelling and try again.
2024-06-05 14:43:49,474 - app - ERROR - Error type: NotFound
2024-06-05 14:43:49,826 - app - ERROR - An error occurred: 404 Not Found: The requested URL was not found on the server. If you entered the URL manually please check your spelling and try again.
2024-06-05 14:43:49,827 - app - ERROR - Error type: NotFound
2024-06-05 14:45:44,024 - app - ERROR - An error occurred: 404 Not Found: The requested URL was not found on the server. If you entered the URL manually please check your spelling and try again.
2024-06-05 14:45:44,025 - app - ERROR - Error type: NotFound
2024-06-05 14:45:59,339 - app - ERROR - An error occurred: 404 Not Found: The requested URL was not found on the server. If you entered the URL manually please check your spelling and try again.
2024-06-05 14:45:59,341 - app - ERROR - Error type: NotFound
2024-06-05 14:45:59,351 - app - ERROR - An error occurred: 404 Not Found: The requested URL was not found on the server. If you entered the URL manually please check your spelling and try again.
2024-06-05 14:45:59,352 - app - ERROR - Error type: NotFound
2024-06-05 14:46:42,451 - app - ERROR - An error occurred: 404 Not Found: The requested URL was not found on the server. If you entered the URL manually please check your spelling and try again.
2024-06-05 14:46:42,451 - app - ERROR - Error type: NotFound
2024-06-05 14:46:54,703 - app - ERROR - An error occurred: 404 Not Found: The requested URL was not found on the server. If you entered the URL manually please check your spelling and try again.
2024-06-05 14:46:54,704 - app - ERROR - Error type: NotFound
2024-06-05 14:46:54,713 - app - ERROR - An error occurred: 404 Not Found: The requested URL was not found on the server. If you entered the URL manually please check your spelling and try again.
2024-06-05 14:46:54,714 - app - ERROR - Error type: NotFound
2024-06-05 14:47:40,638 - app - ERROR - An error occurred: 404 Not Found: The requested URL was not found on the server. If you entered the URL manually please check your spelling and try again.
2024-06-05 14:47:40,639 - app - ERROR - Error type: NotFound
2024-06-05 15:23:05,088 - app - ERROR - An error occurred: 404 Not Found: The requested URL was not found on the server. If you entered the URL manually please check your spelling and try again.
2024-06-05 15:23:05,088 - app - ERROR - Error type: NotFound
2024-06-07 15:01:12,681 - environment.app - ERROR - An error occurred: You must call `@jwt_required()` or `verify_jwt_in_request()` before using this method
2024-06-07 15:01:12,681 - environment.app - ERROR - Error type: RuntimeError
2024-06-07 15:01:12,689 - environment.app - ERROR - An error occurred: You must call `@jwt_required()` or `verify_jwt_in_request()` before using this method
2024-06-07 15:01:12,689 - environment.app - ERROR - Error type: RuntimeError
2024-06-07 15:01:12,692 - environment.app - ERROR - An error occurred: You must call `@jwt_required()` or `verify_jwt_in_request()` before using this method
2024-06-07 15:01:12,692 - environment.app - ERROR - Error type: RuntimeError
2024-06-07 15:26:03,307 - environment.app - ERROR - An error occurred: 'bool' object has no attribute 'email'
2024-06-07 15:26:03,307 - environment.app - ERROR - Error type: AttributeError
2024-06-07 15:26:03,437 - environment.app - ERROR - An error occurred: 'bool' object has no attribute 'email'
2024-06-07 15:26:03,437 - environment.app - ERROR - Error type: AttributeError
2024-06-07 15:26:03,568 - environment.app - ERROR - An error occurred: 'bool' object has no attribute 'email'
2024-06-07 15:26:03,568 - environment.app - ERROR - Error type: AttributeError
2024-06-07 15:26:03,697 - environment.app - ERROR - An error occurred: 'bool' object has no attribute 'email'
2024-06-07 15:26:03,698 - environment.app - ERROR - Error type: AttributeError
2024-06-07 16:20:54,060 - environment.app - ERROR - An error occurred: booking_flight() missing 1 required positional argument: 'mail'
2024-06-07 16:20:54,060 - environment.app - ERROR - Error type: TypeError
2024-06-07 16:53:18,209 - environment.app - ERROR - An error occurred: expected str, bytes or os.PathLike object, not NoneType
2024-06-07 16:53:18,209 - environment.app - ERROR - Error type: TypeError
2024-06-07 16:53:18,210 - environment.app - ERROR - An error occurred: expected str, bytes or os.PathLike object, not NoneType
2024-06-07 16:53:18,210 - environment.app - ERROR - Error type: TypeError
2024-06-07 16:53:18,211 - environment.app - ERROR - An error occurred: expected str, bytes or os.PathLike object, not NoneType
2024-06-07 16:53:18,211 - environment.app - ERROR - Error type: TypeError
2024-06-07 16:53:18,212 - environment.app - ERROR - An error occurred: expected str, bytes or os.PathLike object, not NoneType
2024-06-07 16:53:18,212 - environment.app - ERROR - Error type: TypeError
2024-06-07 18:08:18,051 - environment.app - ERROR - An error occurred: [Errno 8] nodename nor servname provided, or not known
2024-06-07 18:08:18,052 - environment.app - ERROR - Error type: gaierror
2024-06-07 18:08:19,156 - environment.app - ERROR - An error occurred: [Errno 8] nodename nor servname provided, or not known
2024-06-07 18:08:19,156 - environment.app - ERROR - Error type: gaierror
2024-06-07 20:17:44,142 - environment.app - ERROR - An error occurred: [Errno 8] nodename nor servname provided, or not known
2024-06-07 20:17:44,142 - environment.app - ERROR - Error type: gaierror
2024-06-07 20:17:45,216 - environment.app - ERROR - An error occurred: [Errno 8] nodename nor servname provided, or not known
2024-06-07 20:17:45,216 - environment.app - ERROR - Error type: gaierror
2024-06-08 01:30:09,546 - environment.app - ERROR - An error occurred: 404 Not Found: The requested URL was not found on the server. If you entered the URL manually please check your spelling and try again.
2024-06-08 01:30:09,546 - environment.app - ERROR - Error type: NotFound
2024-06-08 01:30:09,779 - environment.app - ERROR - An error occurred: 404 Not Found: The requested URL was not found on the server. If you entered the URL manually please check your spelling and try again.
2024-06-08 01:30:09,779 - environment.app - ERROR - Error type: NotFound
2024-06-08 01:30:10,016 - environment.app - ERROR - An error occurred: 404 Not Found: The requested URL was not found on the server. If you entered the URL manually please check your spelling and try again.
2024-06-08 01:30:10,016 - environment.app - ERROR - Error type: NotFound
2024-06-08 01:37:37,537 - environment.app - ERROR - An error occurred: 'UserRegistration' object has no attribute 'registration_notification'
2024-06-08 01:37:37,537 - environment.app - ERROR - Error type: AttributeError
2024-06-08 11:50:34,852 - environment.app - ERROR - An error occurred: 404 Not Found: The requested URL was not found on the server. If you entered the URL manually please check your spelling and try again.
2024-06-08 11:50:34,853 - environment.app - ERROR - Error type: NotFound
2024-06-08 11:50:35,094 - environment.app - ERROR - An error occurred: 404 Not Found: The requested URL was not found on the server. If you entered the URL manually please check your spelling and try again.
2024-06-08 11:50:35,094 - environment.app - ERROR - Error type: NotFound
2024-06-08 11:50:35,340 - environment.app - ERROR - An error occurred: 404 Not Found: The requested URL was not found on the server. If you entered the URL manually please check your spelling and try again.
2024-06-08 11:50:35,340 - environment.app - ERROR - Error type: NotFound
2024-06-08 11:50:35,587 - environment.app - ERROR - An error occurred: 404 Not Found: The requested URL was not found on the server. If you entered the URL manually please check your spelling and try again.
2024-06-08 11:50:35,587 - environment.app - ERROR - Error type: NotFound
2024-06-08 11:51:04,255 - environment.app - ERROR - An error occurred: 404 Not Found: The requested URL was not found on the server. If you entered the URL manually please check your spelling and try again.
2024-06-08 11:51:04,255 - environment.app - ERROR - Error type: NotFound
2024-06-08 11:51:04,495 - environment.app - ERROR - An error occurred: 404 Not Found: The requested URL was not found on the server. If you entered the URL manually please check your spelling and try again.
2024-06-08 11:51:04,495 - environment.app - ERROR - Error type: NotFound
2024-06-08 11:51:04,737 - environment.app - ERROR - An error occurred: 404 Not Found: The requested URL was not found on the server. If you entered the URL manually please check your spelling and try again.
2024-06-08 11:51:04,737 - environment.app - ERROR - Error type: NotFound
2024-06-08 11:51:04,978 - environment.app - ERROR - An error occurred: 404 Not Found: The requested URL was not found on the server. If you entered the URL manually please check your spelling and try again.
2024-06-08 11:51:04,978 - environment.app - ERROR - Error type: NotFound
2024-06-08 11:51:14,995 - environment.app - ERROR - An error occurred: 404 Not Found: The requested URL was not found on the server. If you entered the URL manually please check your spelling and try again.
2024-06-08 11:51:14,995 - environment.app - ERROR - Error type: NotFound
2024-06-08 11:51:15,234 - environment.app - ERROR - An error occurred: 404 Not Found: The requested URL was not found on the server. If you entered the URL manually please check your spelling and try again.
2024-06-08 11:51:15,234 - environment.app - ERROR - Error type: NotFound
2024-06-08 11:51:15,474 - environment.app - ERROR - An error occurred: 404 Not Found: The requested URL was not found on the server. If you entered the URL manually please check your spelling and try again.
2024-06-08 11:51:15,474 - environment.app - ERROR - Error type: NotFound
2024-06-08 11:51:15,714 - environment.app - ERROR - An error occurred: 404 Not Found: The requested URL was not found on the server. If you entered the URL manually please check your spelling and try again.
2024-06-08 11:51:15,714 - environment.app - ERROR - Error type: NotFound
2024-06-08 13:20:29,586 - environment.app - ERROR - An error occurred: name 'registration_notification' is not defined
2024-06-08 13:20:29,586 - environment.app - ERROR - Error type: NameError
